<?xml version="1.0" encoding="UTF-8"?>
<!-- Generated by org.testng.reporters.JUnitReportReporter -->
<testsuite skipped="8" hostname="DESKTOP-ISRDHO3" name="taskPack.BookTest" tests="9" failures="0" timestamp="2021-06-06T18:01:14 EET" time="0.263" errors="1">
  <testcase name="setUpTest" time="0.263" classname="taskPack.BookTest">
    <error type="java.lang.NullPointerException">
      <![CDATA[java.lang.NullPointerException
at utility.ConfigReader.get(ConfigReader.java:24)
at utility.TestBase.setUpTest(TestBase.java:42)
at sun.reflect.NativeMethodAccessorImpl.invoke0(Native Method)
at sun.reflect.NativeMethodAccessorImpl.invoke(NativeMethodAccessorImpl.java:62)
at sun.reflect.DelegatingMethodAccessorImpl.invoke(DelegatingMethodAccessorImpl.java:43)
at java.lang.reflect.Method.invoke(Method.java:498)
at org.testng.internal.MethodInvocationHelper.invokeMethod(MethodInvocationHelper.java:134)
at org.testng.internal.MethodInvocationHelper.invokeMethodConsideringTimeout(MethodInvocationHelper.java:63)
at org.testng.internal.ConfigInvoker.invokeConfigurationMethod(ConfigInvoker.java:348)
at org.testng.internal.ConfigInvoker.invokeConfigurations(ConfigInvoker.java:302)
at org.testng.TestRunner.invokeTestConfigurations(TestRunner.java:619)
at org.testng.TestRunner.beforeRun(TestRunner.java:609)
at org.testng.TestRunner.run(TestRunner.java:580)
at org.testng.SuiteRunner.runTest(SuiteRunner.java:384)
at org.testng.SuiteRunner.runSequentially(SuiteRunner.java:378)
at org.testng.SuiteRunner.privateRun(SuiteRunner.java:337)
at org.testng.SuiteRunner.run(SuiteRunner.java:286)
at org.testng.SuiteRunnerWorker.runSuite(SuiteRunnerWorker.java:53)
at org.testng.SuiteRunnerWorker.run(SuiteRunnerWorker.java:96)
at org.testng.TestNG.runSuitesSequentially(TestNG.java:1187)
at org.testng.TestNG.runSuitesLocally(TestNG.java:1109)
at org.testng.TestNG.runSuites(TestNG.java:1039)
at org.testng.TestNG.run(TestNG.java:1007)
at org.apache.maven.surefire.testng.TestNGExecutor.run(TestNGExecutor.java:77)
at org.apache.maven.surefire.testng.TestNGDirectoryTestSuite.executeMulti(TestNGDirectoryTestSuite.java:159)
at org.apache.maven.surefire.testng.TestNGDirectoryTestSuite.execute(TestNGDirectoryTestSuite.java:99)
at org.apache.maven.surefire.testng.TestNGProvider.invoke(TestNGProvider.java:106)
at sun.reflect.NativeMethodAccessorImpl.invoke0(Native Method)
at sun.reflect.NativeMethodAccessorImpl.invoke(NativeMethodAccessorImpl.java:62)
at sun.reflect.DelegatingMethodAccessorImpl.invoke(DelegatingMethodAccessorImpl.java:43)
at java.lang.reflect.Method.invoke(Method.java:498)
at org.apache.maven.surefire.util.ReflectionUtils.invokeMethodWithArray(ReflectionUtils.java:189)
at org.apache.maven.surefire.booter.ProviderFactory$ProviderProxy.invoke(ProviderFactory.java:165)
at org.apache.maven.surefire.booter.ProviderFactory.invokeProvider(ProviderFactory.java:85)
at org.apache.maven.surefire.booter.ForkedBooter.runSuitesInProcess(ForkedBooter.java:115)
at org.apache.maven.surefire.booter.ForkedBooter.main(ForkedBooter.java:75)
]]>
    </error>
  </testcase> <!-- setUpTest -->
  <system-out/>
  <testcase name="Task1" time="0.000" classname="taskPack.BookTest">
    <skipped/>
  </testcase> <!-- Task1 -->
  <system-out/>
  <testcase name="createBook" time="0.000" classname="taskPack.BookTest">
    <skipped/>
  </testcase> <!-- createBook -->
  <system-out/>
  <testcase name="Task2" time="0.000" classname="taskPack.BookTest">
    <skipped/>
  </testcase> <!-- Task2 -->
  <system-out/>
  <testcase name="Task3" time="0.000" classname="taskPack.BookTest">
    <skipped/>
  </testcase> <!-- Task3 -->
  <system-out/>
  <testcase name="Task4" time="0.000" classname="taskPack.BookTest">
    <skipped/>
  </testcase> <!-- Task4 -->
  <system-out/>
  <testcase name="Task5" time="0.000" classname="taskPack.BookTest">
    <skipped/>
  </testcase> <!-- Task5 -->
  <system-out/>
  <testcase name="Task6" time="0.000" classname="taskPack.BookTest">
    <skipped/>
  </testcase> <!-- Task6 -->
  <system-out/>
  <testcase name="Task7" time="0.000" classname="taskPack.BookTest">
    <skipped/>
  </testcase> <!-- Task7 -->
  <system-out/>
</testsuite> <!-- taskPack.BookTest -->
